1485987293,ca42859580000000
1486068837,7d9bd2e880000000
1486418749,21132e6c80000000
1489000529,ddf1174920000000
1489591345,fa6f7da520000000
1490105558,cadab3a160000000
1490128242,2861076640000000
1490655888,41b603dd60000000
1490797606,6a114244e0000000
1494326259,6911589f50000000
1496395158,29d9f006f0000000
1498590770,8779d0c608000000
1498620477,cd67245e40000000
1500068048,6303f26888000000
1503615674,e34857cbee630c51
1505525378,0c8015072b2cab2a
1505773116,31d6d53c3a17f30c
1505845299,868eb26a78d6e551
1505884316,2043ab42efb076e2
1505970173,b26c500a72316539
1506057917,cd1474a7b1bed04a
1506474769,b6f4a7be6a91827b
1506887133,68b872ade6e356c8
1506963078,7a6ef10944bb788d
1506963776,69e5a220be9a75ab
1506964280,c645f70555f334e9
1507268476,70d93dab338443e2
1508239947,e6465441ac0629a7
1510248291,2e3d8648f8216bda
1511375311,e3389ba4f6ccab07
1512031701,0ccb9348553d691b
1512234589,f7931d388b745fcc
1512486790,2398dad92be188bf
1513641738,a72114497b6a4023
1514109006,9585a235de983ffa
1514300635,2f3e7294d6f69608
1516973670,6ffb68cd7363cc61
1518210692,5e83cc20ac5d055b
1518217083,37b02ce5278a2e5a
